\BOOKMARK [1][-]{section.1}{\376\377\000I\000n\000t\000r\000o\000d\000u\000c\000t\000i\000o\000n\000\040\000\046\000\040\000T\000a\000s\000k\000\040\000R\000e\000q\000u\000i\000r\000e\000m\000e\000n\000t\000s}{}% 1
\BOOKMARK [2][-]{subsection.1.1}{\376\377\000A\000s\000s\000i\000g\000n\000e\000d\000\040\000a\000n\000d\000\040\000P\000e\000r\000f\000o\000r\000m\000e\000d\000\040\000T\000a\000s\000k\000s}{section.1}% 2
\BOOKMARK [1][-]{section.2}{\376\377\000D\000a\000t\000a\000s\000e\000t\000\040\000O\000v\000e\000r\000v\000i\000e\000w\000\040\000\046\000\040\000D\000i\000r\000e\000c\000t\000o\000r\000y\000\040\000S\000t\000r\000u\000c\000t\000u\000r\000e}{}% 3
\BOOKMARK [2][-]{subsection.2.1}{\376\377\000C\000l\000a\000s\000s\000\040\000D\000e\000s\000c\000r\000i\000p\000t\000i\000o\000n\000s}{section.2}% 4
\BOOKMARK [2][-]{subsection.2.2}{\376\377\000D\000a\000t\000a\000s\000e\000t\000\040\000S\000p\000l\000i\000t\000\040\000S\000u\000m\000m\000a\000r\000y}{section.2}% 5
\BOOKMARK [2][-]{subsection.2.3}{\376\377\000D\000i\000r\000e\000c\000t\000o\000r\000y\000\040\000S\000t\000r\000u\000c\000t\000u\000r\000e}{section.2}% 6
\BOOKMARK [1][-]{section.3}{\376\377\000S\000a\000m\000p\000l\000e\000\040\000I\000m\000a\000g\000e\000s\000\040\000f\000r\000o\000m\000\040\000E\000v\000e\000r\000y\000\040\000C\000l\000a\000s\000s}{}% 7
\BOOKMARK [2][-]{subsection.3.1}{\376\377\000R\000a\000w\000\040\000T\000r\000a\000i\000n\000i\000n\000g\000\040\000S\000e\000t\000\040\000S\000a\000m\000p\000l\000e\000s}{section.3}% 8
\BOOKMARK [2][-]{subsection.3.2}{\376\377\000R\000a\000w\000\040\000V\000a\000l\000i\000d\000a\000t\000i\000o\000n\000\040\000S\000e\000t\000\040\000S\000a\000m\000p\000l\000e\000s}{section.3}% 9
\BOOKMARK [2][-]{subsection.3.3}{\376\377\000R\000a\000w\000\040\000T\000e\000s\000t\000\040\000S\000e\000t\000\040\000S\000a\000m\000p\000l\000e\000s}{section.3}% 10
\BOOKMARK [1][-]{section.4}{\376\377\000C\000l\000a\000s\000s\000-\000w\000i\000s\000e\000\040\000I\000m\000a\000g\000e\000\040\000D\000i\000s\000t\000r\000i\000b\000u\000t\000i\000o\000n\000\040\000\050\000B\000a\000r\000\040\000P\000l\000o\000t\000\051}{}% 11
\BOOKMARK [1][-]{section.5}{\376\377\000I\000m\000a\000g\000e\000\040\000P\000r\000e\000p\000r\000o\000c\000e\000s\000s\000i\000n\000g\000\040\000\046\000\040\000A\000u\000g\000m\000e\000n\000t\000a\000t\000i\000o\000n}{}% 12
\BOOKMARK [2][-]{subsection.5.1}{\376\377\000P\000r\000e\000p\000r\000o\000c\000e\000s\000s\000e\000d\000\040\000C\000l\000a\000s\000s\000\040\000D\000i\000s\000t\000r\000i\000b\000u\000t\000i\000o\000n}{section.5}% 13
\BOOKMARK [2][-]{subsection.5.2}{\376\377\000P\000r\000e\000p\000r\000o\000c\000e\000s\000s\000e\000d\000\040\000T\000r\000a\000i\000n\000i\000n\000g\000\040\000S\000e\000t\000\040\000S\000a\000m\000p\000l\000e\000s}{section.5}% 14
\BOOKMARK [2][-]{subsection.5.3}{\376\377\000P\000r\000e\000p\000r\000o\000c\000e\000s\000s\000e\000d\000\040\000V\000a\000l\000i\000d\000a\000t\000i\000o\000n\000\040\000S\000e\000t\000\040\000S\000a\000m\000p\000l\000e\000s}{section.5}% 15
\BOOKMARK [2][-]{subsection.5.4}{\376\377\000P\000r\000e\000p\000r\000o\000c\000e\000s\000s\000e\000d\000\040\000T\000e\000s\000t\000\040\000S\000e\000t\000\040\000S\000a\000m\000p\000l\000e\000s}{section.5}% 16
\BOOKMARK [1][-]{section.6}{\376\377\000M\000o\000d\000e\000l\000\040\000A\000r\000c\000h\000i\000t\000e\000c\000t\000u\000r\000e\000\040\000\046\000\040\000D\000e\000s\000i\000g\000n}{}% 17
\BOOKMARK [2][-]{subsection.6.1}{\376\377\000T\000r\000a\000n\000s\000f\000e\000r\000\040\000L\000e\000a\000r\000n\000i\000n\000g\000\040\000F\000r\000a\000m\000e\000w\000o\000r\000k}{section.6}% 18
\BOOKMARK [2][-]{subsection.6.2}{\376\377\000P\000r\000e\000-\000t\000r\000a\000i\000n\000e\000d\000\040\000M\000o\000d\000e\000l\000s\000\040\000U\000s\000e\000d}{section.6}% 19
\BOOKMARK [2][-]{subsection.6.3}{\376\377\000C\000u\000s\000t\000o\000m\000\040\000C\000N\000N\000\040\000A\000r\000c\000h\000i\000t\000e\000c\000t\000u\000r\000e}{section.6}% 20
\BOOKMARK [1][-]{section.7}{\376\377\000T\000r\000a\000i\000n\000i\000n\000g\000\040\000C\000o\000n\000f\000i\000g\000u\000r\000a\000t\000i\000o\000n\000\040\000\046\000\040\000C\000a\000l\000l\000b\000a\000c\000k\000s}{}% 21
\BOOKMARK [2][-]{subsection.7.1}{\376\377\000C\000a\000l\000l\000b\000a\000c\000k\000s\000\040\000U\000s\000e\000d}{section.7}% 22
\BOOKMARK [1][-]{section.8}{\376\377\000M\000o\000d\000e\000l\000\040\000S\000u\000m\000m\000a\000r\000i\000e\000s}{}% 23
\BOOKMARK [2][-]{subsection.8.1}{\376\377\000V\000G\000G\0001\0006\000\040\040\024\000\040\000M\000o\000d\000e\000l\000\040\000S\000u\000m\000m\000a\000r\000y}{section.8}% 24
\BOOKMARK [2][-]{subsection.8.2}{\376\377\000D\000e\000n\000s\000e\000N\000e\000t\0001\0002\0001\000\040\040\024\000\040\000M\000o\000d\000e\000l\000\040\000S\000u\000m\000m\000a\000r\000y}{section.8}% 25
\BOOKMARK [2][-]{subsection.8.3}{\376\377\000R\000e\000s\000N\000e\000t\0005\0000\000V\0002\000\040\040\024\000\040\000M\000o\000d\000e\000l\000\040\000S\000u\000m\000m\000a\000r\000y}{section.8}% 26
\BOOKMARK [2][-]{subsection.8.4}{\376\377\000I\000n\000c\000e\000p\000t\000i\000o\000n\000V\0003\000\040\040\024\000\040\000M\000o\000d\000e\000l\000\040\000S\000u\000m\000m\000a\000r\000y}{section.8}% 27
\BOOKMARK [2][-]{subsection.8.5}{\376\377\000M\000o\000b\000i\000l\000e\000N\000e\000t\000V\0002\000\040\040\024\000\040\000M\000o\000d\000e\000l\000\040\000S\000u\000m\000m\000a\000r\000y}{section.8}% 28
\BOOKMARK [2][-]{subsection.8.6}{\376\377\000X\000c\000e\000p\000t\000i\000o\000n\000\040\040\024\000\040\000M\000o\000d\000e\000l\000\040\000S\000u\000m\000m\000a\000r\000y}{section.8}% 29
\BOOKMARK [2][-]{subsection.8.7}{\376\377\000E\000f\000f\000i\000c\000i\000e\000n\000t\000N\000e\000t\000B\0004\000\040\040\024\000\040\000M\000o\000d\000e\000l\000\040\000S\000u\000m\000m\000a\000r\000y}{section.8}% 30
\BOOKMARK [2][-]{subsection.8.8}{\376\377\000C\000o\000n\000v\000N\000e\000X\000t\000T\000i\000n\000y\000\040\040\024\000\040\000M\000o\000d\000e\000l\000\040\000S\000u\000m\000m\000a\000r\000y}{section.8}% 31
\BOOKMARK [2][-]{subsection.8.9}{\376\377\000C\000u\000s\000t\000o\000m\000\040\000C\000N\000N\000\040\040\024\000\040\000F\000u\000l\000l\000\040\000L\000a\000y\000e\000r\000-\000b\000y\000-\000L\000a\000y\000e\000r\000\040\000S\000u\000m\000m\000a\000r\000y}{section.8}% 32
\BOOKMARK [1][-]{section.9}{\376\377\000A\000c\000c\000u\000r\000a\000c\000y\000\040\000\046\000\040\000L\000o\000s\000s\000\040\000C\000u\000r\000v\000e\000s}{}% 33
\BOOKMARK [2][-]{subsection.9.1}{\376\377\000P\000e\000r\000f\000o\000r\000m\000a\000n\000c\000e\000\040\000C\000u\000r\000v\000e\000s\000\040\000G\000r\000i\000d}{section.9}% 34
\BOOKMARK [1][-]{section.10}{\376\377\000M\000o\000d\000e\000l\000\040\000P\000e\000r\000f\000o\000r\000m\000a\000n\000c\000e\000\040\000M\000e\000t\000r\000i\000c\000s}{}% 35
\BOOKMARK [1][-]{section.11}{\376\377\000C\000o\000n\000f\000u\000s\000i\000o\000n\000\040\000M\000a\000t\000r\000i\000x\000\040\000\046\000\040\000C\000l\000a\000s\000s\000i\000f\000i\000c\000a\000t\000i\000o\000n\000\040\000R\000e\000p\000o\000r\000t}{}% 36
\BOOKMARK [2][-]{subsection.11.1}{\376\377\000V\000G\000G\0001\0006\000\040\000C\000l\000a\000s\000s\000i\000f\000i\000c\000a\000t\000i\000o\000n\000\040\000R\000e\000p\000o\000r\000t\000\040\000\050\000B\000e\000s\000t\000\040\000M\000o\000d\000e\000l\000\051}{section.11}% 37
\BOOKMARK [2][-]{subsection.11.2}{\376\377\000C\000o\000n\000f\000u\000s\000i\000o\000n\000\040\000M\000a\000t\000r\000i\000c\000e\000s\000\040\000G\000r\000i\000d}{section.11}% 38
\BOOKMARK [1][-]{section.12}{\376\377\000R\000O\000C\000\040\000C\000u\000r\000v\000e\000\040\000\046\000\040\000A\000U\000C}{}% 39
\BOOKMARK [2][-]{subsection.12.1}{\376\377\000R\000O\000C\000\040\000C\000u\000r\000v\000e\000s\000\040\000G\000r\000i\000d}{section.12}% 40
\BOOKMARK [1][-]{section.13}{\376\377\000G\000r\000a\000d\000-\000C\000A\000M\000\040\000V\000i\000s\000u\000a\000l\000i\000s\000a\000t\000i\000o\000n}{}% 41
\BOOKMARK [2][-]{subsection.13.1}{\376\377\000H\000o\000w\000\040\000G\000r\000a\000d\000-\000C\000A\000M\000\040\000W\000o\000r\000k\000s}{section.13}% 42
\BOOKMARK [1][-]{section.14}{\376\377\000L\000I\000M\000E\000\040\000E\000x\000p\000l\000a\000i\000n\000a\000b\000i\000l\000i\000t\000y}{}% 43
\BOOKMARK [2][-]{subsection.14.1}{\376\377\000O\000u\000t\000p\000u\000t\000\040\000p\000e\000r\000\040\000c\000l\000a\000s\000s\000\040\000\050\0003\000\040\000s\000u\000b\000p\000l\000o\000t\000\040\000c\000o\000l\000u\000m\000n\000s\000\051}{section.14}% 44
\BOOKMARK [1][-]{section.15}{\376\377\000C\000o\000n\000c\000l\000u\000s\000i\000o\000n\000\040\000\046\000\040\000K\000e\000y\000\040\000F\000i\000n\000d\000i\000n\000g\000s}{}% 45
\BOOKMARK [2][-]{subsection.15.1}{\376\377\000F\000i\000n\000a\000l\000\040\000M\000o\000d\000e\000l\000\040\000R\000a\000n\000k\000i\000n\000g\000\040\000b\000y\000\040\000A\000c\000c\000u\000r\000a\000c\000y}{section.15}% 46
